mode: count
github.com/qiangxue/go-rest-api/pkg/pagination/pages.go:36.43,37.18 1 20
github.com/qiangxue/go-rest-api/pkg/pagination/pages.go:40.2,40.27 1 20
github.com/qiangxue/go-rest-api/pkg/pagination/pages.go:43.2,44.16 2 20
github.com/qiangxue/go-rest-api/pkg/pagination/pages.go:50.2,50.14 1 20
github.com/qiangxue/go-rest-api/pkg/pagination/pages.go:54.2,59.3 1 20
github.com/qiangxue/go-rest-api/pkg/pagination/pages.go:37.18,39.3 1 2
github.com/qiangxue/go-rest-api/pkg/pagination/pages.go:40.27,42.3 1 1
github.com/qiangxue/go-rest-api/pkg/pagination/pages.go:44.16,46.23 2 18
github.com/qiangxue/go-rest-api/pkg/pagination/pages.go:46.23,48.4 1 4
github.com/qiangxue/go-rest-api/pkg/pagination/pages.go:50.14,52.3 1 4
github.com/qiangxue/go-rest-api/pkg/pagination/pages.go:64.58,68.2 3 1
github.com/qiangxue/go-rest-api/pkg/pagination/pages.go:71.51,72.17 1 5
github.com/qiangxue/go-rest-api/pkg/pagination/pages.go:75.2,75.52 1 4
github.com/qiangxue/go-rest-api/pkg/pagination/pages.go:78.2,78.21 1 1
github.com/qiangxue/go-rest-api/pkg/pagination/pages.go:72.17,74.3 1 1
github.com/qiangxue/go-rest-api/pkg/pagination/pages.go:75.52,77.3 1 3
github.com/qiangxue/go-rest-api/pkg/pagination/pages.go:82.30,84.2 1 11
github.com/qiangxue/go-rest-api/pkg/pagination/pages.go:87.29,89.2 1 11
github.com/qiangxue/go-rest-api/pkg/pagination/pages.go:92.76,95.20 3 8
github.com/qiangxue/go-rest-api/pkg/pagination/pages.go:99.2,99.20 1 8
github.com/qiangxue/go-rest-api/pkg/pagination/pages.go:108.2,108.15 1 8
github.com/qiangxue/go-rest-api/pkg/pagination/pages.go:95.20,98.3 2 4
github.com/qiangxue/go-rest-api/pkg/pagination/pages.go:99.20,100.19 1 5
github.com/qiangxue/go-rest-api/pkg/pagination/pages.go:103.3,104.21 2 5
github.com/qiangxue/go-rest-api/pkg/pagination/pages.go:100.19,102.4 1 2
github.com/qiangxue/go-rest-api/pkg/pagination/pages.go:104.21,106.4 1 4
github.com/qiangxue/go-rest-api/pkg/pagination/pages.go:115.74,119.40 4 8
github.com/qiangxue/go-rest-api/pkg/pagination/pages.go:122.2,122.36 1 8
github.com/qiangxue/go-rest-api/pkg/pagination/pages.go:127.2,127.14 1 8
github.com/qiangxue/go-rest-api/pkg/pagination/pages.go:131.2,131.40 1 8
github.com/qiangxue/go-rest-api/pkg/pagination/pages.go:137.2,137.53 1 8
github.com/qiangxue/go-rest-api/pkg/pagination/pages.go:145.2,145.14 1 8
github.com/qiangxue/go-rest-api/pkg/pagination/pages.go:119.40,121.3 1 1
github.com/qiangxue/go-rest-api/pkg/pagination/pages.go:122.36,124.3 1 1
github.com/qiangxue/go-rest-api/pkg/pagination/pages.go:124.8,126.3 1 7
github.com/qiangxue/go-rest-api/pkg/pagination/pages.go:127.14,130.3 2 4
github.com/qiangxue/go-rest-api/pkg/pagination/pages.go:131.40,134.3 2 4
github.com/qiangxue/go-rest-api/pkg/pagination/pages.go:134.8,134.26 1 4
github.com/qiangxue/go-rest-api/pkg/pagination/pages.go:134.26,136.3 1 1
github.com/qiangxue/go-rest-api/pkg/pagination/pages.go:137.53,138.26 1 8
github.com/qiangxue/go-rest-api/pkg/pagination/pages.go:138.26,139.22 1 32
github.com/qiangxue/go-rest-api/pkg/pagination/pages.go:139.22,141.5 1 17
