mode: count
github.com/qiangxue/go-rest-api/cmd/server/main.go:33.13,40.16 4 0
github.com/qiangxue/go-rest-api/cmd/server/main.go:46.2,47.16 2 0
github.com/qiangxue/go-rest-api/cmd/server/main.go:51.2,53.15 3 0
github.com/qiangxue/go-rest-api/cmd/server/main.go:60.2,69.75 5 0
github.com/qiangxue/go-rest-api/cmd/server/main.go:40.16,43.3 2 0
github.com/qiangxue/go-rest-api/cmd/server/main.go:47.16,50.3 2 0
github.com/qiangxue/go-rest-api/cmd/server/main.go:53.15,54.36 1 0
github.com/qiangxue/go-rest-api/cmd/server/main.go:54.36,56.4 1 0
github.com/qiangxue/go-rest-api/cmd/server/main.go:69.75,72.3 2 0
github.com/qiangxue/go-rest-api/cmd/server/main.go:76.89,107.2 9 0
github.com/qiangxue/go-rest-api/cmd/server/main.go:110.53,111.91 1 1
github.com/qiangxue/go-rest-api/cmd/server/main.go:111.91,112.17 1 2
github.com/qiangxue/go-rest-api/cmd/server/main.go:112.17,114.4 1 1
github.com/qiangxue/go-rest-api/cmd/server/main.go:114.9,116.4 1 1
github.com/qiangxue/go-rest-api/cmd/server/main.go:121.51,122.94 1 1
github.com/qiangxue/go-rest-api/cmd/server/main.go:122.94,123.17 1 2
github.com/qiangxue/go-rest-api/cmd/server/main.go:123.17,125.4 1 1
github.com/qiangxue/go-rest-api/cmd/server/main.go:125.9,127.4 1 1
github.com/qiangxue/go-rest-api/internal/album/service.go:33.46,37.2 1 8
github.com/qiangxue/go-rest-api/internal/album/service.go:45.46,49.2 1 8
github.com/qiangxue/go-rest-api/internal/album/service.go:57.61,59.2 1 2
github.com/qiangxue/go-rest-api/internal/album/service.go:62.69,64.16 2 16
github.com/qiangxue/go-rest-api/internal/album/service.go:67.2,67.26 1 11
github.com/qiangxue/go-rest-api/internal/album/service.go:64.16,66.3 1 5
github.com/qiangxue/go-rest-api/internal/album/service.go:71.85,72.39 1 5
github.com/qiangxue/go-rest-api/internal/album/service.go:75.2,83.16 4 4
github.com/qiangxue/go-rest-api/internal/album/service.go:86.2,86.23 1 3
github.com/qiangxue/go-rest-api/internal/album/service.go:72.39,74.3 1 1
github.com/qiangxue/go-rest-api/internal/album/service.go:83.16,85.3 1 1
github.com/qiangxue/go-rest-api/internal/album/service.go:90.96,91.39 1 5
github.com/qiangxue/go-rest-api/internal/album/service.go:95.2,96.16 2 4
github.com/qiangxue/go-rest-api/internal/album/service.go:99.2,102.56 3 3
github.com/qiangxue/go-rest-api/internal/album/service.go:105.2,105.19 1 2
github.com/qiangxue/go-rest-api/internal/album/service.go:91.39,93.3 1 1
github.com/qiangxue/go-rest-api/internal/album/service.go:96.16,98.3 1 1
github.com/qiangxue/go-rest-api/internal/album/service.go:102.56,104.3 1 1
github.com/qiangxue/go-rest-api/internal/album/service.go:109.72,111.16 2 4
github.com/qiangxue/go-rest-api/internal/album/service.go:114.2,114.46 1 2
github.com/qiangxue/go-rest-api/internal/album/service.go:117.2,117.19 1 2
github.com/qiangxue/go-rest-api/internal/album/service.go:111.16,113.3 1 2
github.com/qiangxue/go-rest-api/internal/album/service.go:114.46,116.3 1 0
github.com/qiangxue/go-rest-api/internal/album/service.go:121.58,123.2 1 9
github.com/qiangxue/go-rest-api/internal/album/service.go:126.81,128.16 2 3
github.com/qiangxue/go-rest-api/internal/album/service.go:131.2,132.29 2 3
github.com/qiangxue/go-rest-api/internal/album/service.go:135.2,135.20 1 3
github.com/qiangxue/go-rest-api/internal/album/service.go:128.16,130.3 1 0
github.com/qiangxue/go-rest-api/internal/album/service.go:132.29,134.3 1 5
github.com/qiangxue/go-rest-api/internal/album/api.go:12.111,24.2 7 1
github.com/qiangxue/go-rest-api/internal/album/api.go:31.49,33.16 2 3
github.com/qiangxue/go-rest-api/internal/album/api.go:37.2,37.23 1 2
github.com/qiangxue/go-rest-api/internal/album/api.go:33.16,35.3 1 1
github.com/qiangxue/go-rest-api/internal/album/api.go:40.51,43.16 3 2
github.com/qiangxue/go-rest-api/internal/album/api.go:46.2,48.16 3 2
github.com/qiangxue/go-rest-api/internal/album/api.go:51.2,52.23 2 2
github.com/qiangxue/go-rest-api/internal/album/api.go:43.16,45.3 1 0
github.com/qiangxue/go-rest-api/internal/album/api.go:48.16,50.3 1 0
github.com/qiangxue/go-rest-api/internal/album/api.go:55.52,57.39 2 2
github.com/qiangxue/go-rest-api/internal/album/api.go:61.2,62.16 2 1
github.com/qiangxue/go-rest-api/internal/album/api.go:66.2,66.53 1 1
github.com/qiangxue/go-rest-api/internal/album/api.go:57.39,60.3 2 1
github.com/qiangxue/go-rest-api/internal/album/api.go:62.16,64.3 1 0
github.com/qiangxue/go-rest-api/internal/album/api.go:69.52,71.39 2 2
github.com/qiangxue/go-rest-api/internal/album/api.go:76.2,77.16 2 1
github.com/qiangxue/go-rest-api/internal/album/api.go:81.2,81.23 1 1
github.com/qiangxue/go-rest-api/internal/album/api.go:71.39,74.3 2 1
github.com/qiangxue/go-rest-api/internal/album/api.go:77.16,79.3 1 0
github.com/qiangxue/go-rest-api/internal/album/api.go:84.52,86.16 2 2
github.com/qiangxue/go-rest-api/internal/album/api.go:90.2,90.23 1 1
github.com/qiangxue/go-rest-api/internal/album/api.go:86.16,88.3 1 1
github.com/qiangxue/go-rest-api/internal/album/repository.go:34.68,36.2 1 0
github.com/qiangxue/go-rest-api/internal/album/repository.go:39.79,43.2 3 0
github.com/qiangxue/go-rest-api/internal/album/repository.go:47.75,49.2 1 0
github.com/qiangxue/go-rest-api/internal/album/repository.go:52.75,54.2 1 0
github.com/qiangxue/go-rest-api/internal/album/repository.go:57.66,59.16 2 0
github.com/qiangxue/go-rest-api/internal/album/repository.go:62.2,62.46 1 0
github.com/qiangxue/go-rest-api/internal/album/repository.go:59.16,61.3 1 0
github.com/qiangxue/go-rest-api/internal/album/repository.go:66.61,70.2 3 0
github.com/qiangxue/go-rest-api/internal/album/repository.go:73.91,82.2 3 0
github.com/qiangxue/go-rest-api/internal/auth/api.go:10.83,12.2 1 1
github.com/qiangxue/go-rest-api/internal/auth/api.go:15.64,16.40 1 1
github.com/qiangxue/go-rest-api/internal/auth/api.go:16.40,22.38 2 3
github.com/qiangxue/go-rest-api/internal/auth/api.go:27.3,28.17 2 2
github.com/qiangxue/go-rest-api/internal/auth/api.go:31.3,33.12 1 1
github.com/qiangxue/go-rest-api/internal/auth/api.go:22.38,25.4 2 1
github.com/qiangxue/go-rest-api/internal/auth/api.go:28.17,30.4 1 1
github.com/qiangxue/go-rest-api/internal/auth/middleware.go:14.54,16.2 1 1
github.com/qiangxue/go-rest-api/internal/auth/middleware.go:19.62,27.2 3 1
github.com/qiangxue/go-rest-api/internal/auth/middleware.go:36.69,38.2 1 3
github.com/qiangxue/go-rest-api/internal/auth/middleware.go:42.48,43.54 1 5
github.com/qiangxue/go-rest-api/internal/auth/middleware.go:46.2,46.12 1 2
github.com/qiangxue/go-rest-api/internal/auth/middleware.go:43.54,45.3 1 3
github.com/qiangxue/go-rest-api/internal/auth/middleware.go:53.48,54.53 1 2
github.com/qiangxue/go-rest-api/internal/auth/middleware.go:57.2,59.12 3 1
github.com/qiangxue/go-rest-api/internal/auth/middleware.go:54.53,56.3 1 1
github.com/qiangxue/go-rest-api/internal/auth/middleware.go:63.35,67.2 3 1
github.com/qiangxue/go-rest-api/internal/auth/service.go:34.84,36.2 1 1
github.com/qiangxue/go-rest-api/internal/auth/service.go:40.88,41.74 1 2
github.com/qiangxue/go-rest-api/internal/auth/service.go:44.2,44.36 1 1
github.com/qiangxue/go-rest-api/internal/auth/service.go:41.74,43.3 1 1
github.com/qiangxue/go-rest-api/internal/auth/service.go:49.88,53.46 2 4
github.com/qiangxue/go-rest-api/internal/auth/service.go:58.2,59.12 2 2
github.com/qiangxue/go-rest-api/internal/auth/service.go:53.46,56.3 2 2
github.com/qiangxue/go-rest-api/internal/auth/service.go:63.65,69.2 1 2
github.com/qiangxue/go-rest-api/internal/errors/middleware.go:15.49,16.46 1 4
github.com/qiangxue/go-rest-api/internal/errors/middleware.go:16.46,17.16 1 4
github.com/qiangxue/go-rest-api/internal/errors/middleware.go:41.3,41.18 1 4
github.com/qiangxue/go-rest-api/internal/errors/middleware.go:17.16,19.32 2 4
github.com/qiangxue/go-rest-api/internal/errors/middleware.go:28.4,28.18 1 4
github.com/qiangxue/go-rest-api/internal/errors/middleware.go:19.32,21.33 2 1
github.com/qiangxue/go-rest-api/internal/errors/middleware.go:25.5,25.66 1 1
github.com/qiangxue/go-rest-api/internal/errors/middleware.go:21.33,23.6 1 1
github.com/qiangxue/go-rest-api/internal/errors/middleware.go:28.18,30.59 2 3
github.com/qiangxue/go-rest-api/internal/errors/middleware.go:33.5,34.39 2 3
github.com/qiangxue/go-rest-api/internal/errors/middleware.go:37.5,38.14 2 3
github.com/qiangxue/go-rest-api/internal/errors/middleware.go:30.59,32.6 1 2
github.com/qiangxue/go-rest-api/internal/errors/middleware.go:34.39,36.6 1 0
github.com/qiangxue/go-rest-api/internal/errors/middleware.go:46.50,47.20 1 9
github.com/qiangxue/go-rest-api/internal/errors/middleware.go:64.2,64.35 1 4
github.com/qiangxue/go-rest-api/internal/errors/middleware.go:67.2,67.32 1 3
github.com/qiangxue/go-rest-api/internal/errors/middleware.go:48.21,49.29 1 2
github.com/qiangxue/go-rest-api/internal/errors/middleware.go:50.25,51.47 1 1
github.com/qiangxue/go-rest-api/internal/errors/middleware.go:52.25,53.47 1 2
github.com/qiangxue/go-rest-api/internal/errors/middleware.go:54.28,55.23 1 1
github.com/qiangxue/go-rest-api/internal/errors/middleware.go:56.11,60.5 1 1
github.com/qiangxue/go-rest-api/internal/errors/middleware.go:64.35,66.3 1 1
github.com/qiangxue/go-rest-api/internal/errors/response.go:17.39,19.2 1 14
github.com/qiangxue/go-rest-api/internal/errors/response.go:22.41,24.2 1 12
github.com/qiangxue/go-rest-api/internal/errors/response.go:27.52,28.15 1 5
github.com/qiangxue/go-rest-api/internal/errors/response.go:31.2,34.3 1 5
github.com/qiangxue/go-rest-api/internal/errors/response.go:28.15,30.3 1 4
github.com/qiangxue/go-rest-api/internal/errors/response.go:38.41,39.15 1 6
github.com/qiangxue/go-rest-api/internal/errors/response.go:42.2,45.3 1 6
github.com/qiangxue/go-rest-api/internal/errors/response.go:39.15,41.3 1 5
github.com/qiangxue/go-rest-api/internal/errors/response.go:49.45,50.15 1 2
github.com/qiangxue/go-rest-api/internal/errors/response.go:53.2,56.3 1 2
github.com/qiangxue/go-rest-api/internal/errors/response.go:50.15,52.3 1 1
github.com/qiangxue/go-rest-api/internal/errors/response.go:60.42,61.15 1 2
github.com/qiangxue/go-rest-api/internal/errors/response.go:64.2,67.3 1 2
github.com/qiangxue/go-rest-api/internal/errors/response.go:61.15,63.3 1 1
github.com/qiangxue/go-rest-api/internal/errors/response.go:71.43,72.15 1 2
github.com/qiangxue/go-rest-api/internal/errors/response.go:75.2,78.3 1 2
github.com/qiangxue/go-rest-api/internal/errors/response.go:72.15,74.3 1 1
github.com/qiangxue/go-rest-api/internal/errors/response.go:87.57,90.26 3 2
github.com/qiangxue/go-rest-api/internal/errors/response.go:93.2,94.31 2 2
github.com/qiangxue/go-rest-api/internal/errors/response.go:101.2,105.3 1 2
github.com/qiangxue/go-rest-api/internal/errors/response.go:90.26,92.3 1 2
github.com/qiangxue/go-rest-api/internal/errors/response.go:94.31,99.3 1 2
github.com/qiangxue/go-rest-api/internal/healthcheck/api.go:6.58,8.2 1 1
github.com/qiangxue/go-rest-api/internal/healthcheck/api.go:11.50,12.40 1 1
github.com/qiangxue/go-rest-api/internal/healthcheck/api.go:12.40,14.3 1 1
github.com/qiangxue/go-rest-api/pkg/accesslog/middleware.go:13.49,14.40 1 1
github.com/qiangxue/go-rest-api/pkg/accesslog/middleware.go:14.40,33.3 9 1
github.com/qiangxue/go-rest-api/pkg/dbcontext/db.go:27.26,29.2 1 0
github.com/qiangxue/go-rest-api/pkg/dbcontext/db.go:32.28,34.2 1 0
github.com/qiangxue/go-rest-api/pkg/dbcontext/db.go:39.53,40.46 1 0
github.com/qiangxue/go-rest-api/pkg/dbcontext/db.go:43.2,43.31 1 0
github.com/qiangxue/go-rest-api/pkg/dbcontext/db.go:40.46,42.3 1 0
github.com/qiangxue/go-rest-api/pkg/dbcontext/db.go:48.91,49.69 1 0
github.com/qiangxue/go-rest-api/pkg/dbcontext/db.go:49.69,51.3 1 0
github.com/qiangxue/go-rest-api/pkg/dbcontext/db.go:56.52,57.40 1 0
github.com/qiangxue/go-rest-api/pkg/dbcontext/db.go:57.40,58.86 1 0
github.com/qiangxue/go-rest-api/pkg/dbcontext/db.go:58.86,62.4 3 0
github.com/qiangxue/go-rest-api/pkg/log/logger.go:45.19,48.2 2 2
github.com/qiangxue/go-rest-api/pkg/log/logger.go:51.39,53.2 1 4
github.com/qiangxue/go-rest-api/pkg/log/logger.go:56.52,59.2 2 1
github.com/qiangxue/go-rest-api/pkg/log/logger.go:68.72,69.16 1 2
github.com/qiangxue/go-rest-api/pkg/log/logger.go:77.2,77.19 1 2
github.com/qiangxue/go-rest-api/pkg/log/logger.go:80.2,80.10 1 1
github.com/qiangxue/go-rest-api/pkg/log/logger.go:69.16,70.53 1 1
github.com/qiangxue/go-rest-api/pkg/log/logger.go:73.3,73.57 1 1
github.com/qiangxue/go-rest-api/pkg/log/logger.go:70.53,72.4 1 1
github.com/qiangxue/go-rest-api/pkg/log/logger.go:73.57,75.4 1 1
github.com/qiangxue/go-rest-api/pkg/log/logger.go:77.19,79.3 1 1
github.com/qiangxue/go-rest-api/pkg/log/logger.go:84.74,86.14 2 3
github.com/qiangxue/go-rest-api/pkg/log/logger.go:89.2,90.43 2 3
github.com/qiangxue/go-rest-api/pkg/log/logger.go:93.2,93.12 1 3
github.com/qiangxue/go-rest-api/pkg/log/logger.go:86.14,88.3 1 1
github.com/qiangxue/go-rest-api/pkg/log/logger.go:90.43,92.3 1 3
github.com/qiangxue/go-rest-api/pkg/log/logger.go:97.49,99.2 1 5
github.com/qiangxue/go-rest-api/pkg/log/logger.go:102.45,104.2 1 5
github.com/qiangxue/go-rest-api/pkg/pagination/pages.go:36.43,37.18 1 20
github.com/qiangxue/go-rest-api/pkg/pagination/pages.go:40.2,40.27 1 20
github.com/qiangxue/go-rest-api/pkg/pagination/pages.go:43.2,44.16 2 20
github.com/qiangxue/go-rest-api/pkg/pagination/pages.go:50.2,50.14 1 20
github.com/qiangxue/go-rest-api/pkg/pagination/pages.go:54.2,59.3 1 20
github.com/qiangxue/go-rest-api/pkg/pagination/pages.go:37.18,39.3 1 2
github.com/qiangxue/go-rest-api/pkg/pagination/pages.go:40.27,42.3 1 1
github.com/qiangxue/go-rest-api/pkg/pagination/pages.go:44.16,46.23 2 18
github.com/qiangxue/go-rest-api/pkg/pagination/pages.go:46.23,48.4 1 4
github.com/qiangxue/go-rest-api/pkg/pagination/pages.go:50.14,52.3 1 4
github.com/qiangxue/go-rest-api/pkg/pagination/pages.go:64.58,68.2 3 1
github.com/qiangxue/go-rest-api/pkg/pagination/pages.go:71.51,72.17 1 5
github.com/qiangxue/go-rest-api/pkg/pagination/pages.go:75.2,75.52 1 4
github.com/qiangxue/go-rest-api/pkg/pagination/pages.go:78.2,78.21 1 1
github.com/qiangxue/go-rest-api/pkg/pagination/pages.go:72.17,74.3 1 1
github.com/qiangxue/go-rest-api/pkg/pagination/pages.go:75.52,77.3 1 3
github.com/qiangxue/go-rest-api/pkg/pagination/pages.go:82.30,84.2 1 11
github.com/qiangxue/go-rest-api/pkg/pagination/pages.go:87.29,89.2 1 11
github.com/qiangxue/go-rest-api/pkg/pagination/pages.go:92.76,95.20 3 8
github.com/qiangxue/go-rest-api/pkg/pagination/pages.go:99.2,99.20 1 8
github.com/qiangxue/go-rest-api/pkg/pagination/pages.go:108.2,108.15 1 8
github.com/qiangxue/go-rest-api/pkg/pagination/pages.go:95.20,98.3 2 4
github.com/qiangxue/go-rest-api/pkg/pagination/pages.go:99.20,100.19 1 5
github.com/qiangxue/go-rest-api/pkg/pagination/pages.go:103.3,104.21 2 5
github.com/qiangxue/go-rest-api/pkg/pagination/pages.go:100.19,102.4 1 2
github.com/qiangxue/go-rest-api/pkg/pagination/pages.go:104.21,106.4 1 4
github.com/qiangxue/go-rest-api/pkg/pagination/pages.go:115.74,119.40 4 8
github.com/qiangxue/go-rest-api/pkg/pagination/pages.go:122.2,122.36 1 8
github.com/qiangxue/go-rest-api/pkg/pagination/pages.go:127.2,127.14 1 8
github.com/qiangxue/go-rest-api/pkg/pagination/pages.go:131.2,131.40 1 8
github.com/qiangxue/go-rest-api/pkg/pagination/pages.go:137.2,137.53 1 8
github.com/qiangxue/go-rest-api/pkg/pagination/pages.go:145.2,145.14 1 8
github.com/qiangxue/go-rest-api/pkg/pagination/pages.go:119.40,121.3 1 1
github.com/qiangxue/go-rest-api/pkg/pagination/pages.go:122.36,124.3 1 1
github.com/qiangxue/go-rest-api/pkg/pagination/pages.go:124.8,126.3 1 7
github.com/qiangxue/go-rest-api/pkg/pagination/pages.go:127.14,130.3 2 4
github.com/qiangxue/go-rest-api/pkg/pagination/pages.go:131.40,134.3 2 4
github.com/qiangxue/go-rest-api/pkg/pagination/pages.go:134.8,134.26 1 4
github.com/qiangxue/go-rest-api/pkg/pagination/pages.go:134.26,136.3 1 1
github.com/qiangxue/go-rest-api/pkg/pagination/pages.go:137.53,138.26 1 8
github.com/qiangxue/go-rest-api/pkg/pagination/pages.go:138.26,139.22 1 32
github.com/qiangxue/go-rest-api/pkg/pagination/pages.go:139.22,141.5 1 17
